remote: error: GH013: Repository rule violations found for refs/heads/main.        
remote: 
remote: - GITHUB PUSH PROTECTION        
remote:   —————————————————————————————————————————        
remote:     Resolve the following violations before pushing again        
remote: 
remote:     - Push cannot contain secrets        
remote: 
remote:             
remote:      (?) Learn how to resolve a blocked push        
remote:      https://docs.github.com/code-security/secret-scanning/working-with-secret-scanning-and-push-protection/working-with-push-protection-from-the-command-line#resolving-a-blocked-push        
remote:             
remote:             
remote:       —— Hugging Face User Access Token ————————————————————        
remote:        locations:        
remote:          - commit: 3c6e7b835b7b80b250cb2747e9f8eba5c768dbdd        
remote:            path: games/a_casa_das_ias.exe:4029        
remote:          - commit: 18e67f87a953d619dc337f31daa1af46a5225baf        
remote:            path: games/obby_game.exe:4029        
remote:             
remote:        (?) To push, remove secret from commit(s) or follow this URL to allow the secret.        
remote:        https://github.com/danviana-has/GM-Play/security/secret-scanning/unblock-secret/3FSDZxSfkGIhCMZK0tczGEr2dxP        
remote:             
remote: 
remote: 
To https://github.com/danviana-has/GM-Play.git
 ! [remote rejected] main -> main (push declined due to repository rule violations)
error: failed to push some refs to 'https://github.com/danviana-has/GM-Play.git'
